# JRE version: Java(TM) SE Runtime Environment (8.0_181-b13) (build 1.8.0_181-b13)
# Java VM: Java HotSpot(TM) 64-Bit Server VM (25.181-b13 mixed mode windows-amd64 compressed oops)
Heap:
 PSYoungGen      total 229888K, used 18876K [0x00000000d6380000, 0x00000000e5f00000, 0x0000000100000000)
  eden space 212480K, 8% used [0x00000000d6380000,0x00000000d75ef340,0x00000000e3300000)
  from space 17408K, 0% used [0x00000000e4900000,0x00000000e4900000,0x00000000e5a00000)
  to   space 22528K, 0% used [0x00000000e3300000,0x00000000e3300000,0x00000000e4900000)
 ParOldGen       total 156160K, used 40447K [0x0000000082a00000, 0x000000008c280000, 0x00000000d6380000)
  object space 156160K, 25% used [0x0000000082a00000,0x000000008517ff40,0x000000008c280000)
 Metaspace       used 57194K, capacity 59916K, committed 59992K, reserved 1101824K
  class space    used 7290K, capacity 7775K, committed 7808K, reserved 1048576K
GC Heap History (10 events):
Event: 5.186 GC heap before
{Heap before GC invocations=11 (full 2):
 PSYoungGen      total 160768K, used 148992K [0x00000000d6380000, 0x00000000e3c00000, 0x0000000100000000)
  eden space 148992K, 100% used [0x00000000d6380000,0x00000000df500000,0x00000000df500000)
  from space 11776K, 0% used [0x00000000e0300000,0x00000000e0300000,0x00000000e0e80000)
  to   space 14336K, 0% used [0x00000000df500000,0x00000000df500000,0x00000000e0300000)
 ParOldGen       total 102400K, used 20777K [0x0000000082a00000, 0x0000000088e00000, 0x00000000d6380000)
  object space 102400K, 20% used [0x0000000082a00000,0x0000000083e4a678,0x0000000088e00000)
 Metaspace       used 39490K, capacity 41146K, committed 41344K, reserved 1085440K
  class space    used 5155K, capacity 5497K, committed 5504K, reserved 1048576K
Event: 5.198 GC heap after
Heap after GC invocations=11 (full 2):
 PSYoungGen      total 163328K, used 10641K [0x00000000d6380000, 0x00000000e3280000, 0x0000000100000000)
  eden space 148992K, 0% used [0x00000000d6380000,0x00000000d6380000,0x00000000df500000)
  from space 14336K, 74% used [0x00000000df500000,0x00000000dff64788,0x00000000e0300000)
  to   space 14848K, 0% used [0x00000000e2400000,0x00000000e2400000,0x00000000e3280000)
 ParOldGen       total 102400K, used 20785K [0x0000000082a00000, 0x0000000088e00000, 0x00000000d6380000)
  object space 102400K, 20% used [0x0000000082a00000,0x0000000083e4c678,0x0000000088e00000)
 Metaspace       used 39490K, capacity 41146K, committed 41344K, reserved 1085440K
  class space    used 5155K, capacity 5497K, committed 5504K, reserved 1048576K
}
Event: 5.639 GC heap before
{Heap before GC invocations=12 (full 2):
 PSYoungGen      total 163328K, used 159633K [0x00000000d6380000, 0x00000000e3280000, 0x0000000100000000)
  eden space 148992K, 100% used [0x00000000d6380000,0x00000000df500000,0x00000000df500000)
  from space 14336K, 74% used [0x00000000df500000,0x00000000dff64788,0x00000000e0300000)
  to   space 14848K, 0% used [0x00000000e2400000,0x00000000e2400000,0x00000000e3280000)
 ParOldGen       total 102400K, used 20785K [0x0000000082a00000, 0x0000000088e00000, 0x00000000d6380000)
  object space 102400K, 20% used [0x0000000082a00000,0x0000000083e4c678,0x0000000088e00000)
 Metaspace       used 40210K, capacity 41892K, committed 41984K, reserved 1085440K
  class space    used 5229K, capacity 5580K, committed 5632K, reserved 1048576K
Event: 5.647 GC heap after
Heap after GC invocations=12 (full 2):
 PSYoungGen      total 195072K, used 6761K [0x00000000d6380000, 0x00000000e3100000, 0x0000000100000000)
  eden space 181760K, 0% used [0x00000000d6380000,0x00000000d6380000,0x00000000e1500000)
  from space 13312K, 50% used [0x00000000e2400000,0x00000000e2a9a5f0,0x00000000e3100000)
  to   space 14336K, 0% used [0x00000000e1500000,0x00000000e1500000,0x00000000e2300000)
 ParOldGen       total 102400K, used 20793K [0x0000000082a00000, 0x0000000088e00000, 0x00000000d6380000)
  object space 102400K, 20% used [0x0000000082a00000,0x0000000083e4e678,0x0000000088e00000)
 Metaspace       used 40210K, capacity 41892K, committed 41984K, reserved 1085440K
  class space    used 5229K, capacity 5580K, committed 5632K, reserved 1048576K
}
Event: 7.855 GC heap before
{Heap before GC invocations=13 (full 2):
 PSYoungGen      total 195072K, used 188521K [0x00000000d6380000, 0x00000000e3100000, 0x0000000100000000)
  eden space 181760K, 100% used [0x00000000d6380000,0x00000000e1500000,0x00000000e1500000)
  from space 13312K, 50% used [0x00000000e2400000,0x00000000e2a9a5f0,0x00000000e3100000)
  to   space 14336K, 0% used [0x00000000e1500000,0x00000000e1500000,0x00000000e2300000)
 ParOldGen       total 102400K, used 20793K [0x0000000082a00000, 0x0000000088e00000, 0x00000000d6380000)
  object space 102400K, 20% used [0x0000000082a00000,0x0000000083e4e678,0x0000000088e00000)
 Metaspace       used 46741K, capacity 49070K, committed 49408K, reserved 1091584K
  class space    used 6138K, capacity 6544K, committed 6656K, reserved 1048576K
Event: 7.871 GC heap after
Heap after GC invocations=13 (full 2):
 PSYoungGen      total 196096K, used 14312K [0x00000000d6380000, 0x00000000e5a00000, 0x0000000100000000)
  eden space 181760K, 0% used [0x00000000d6380000,0x00000000d6380000,0x00000000e1500000)
  from space 14336K, 99% used [0x00000000e1500000,0x00000000e22fa068,0x00000000e2300000)
  to   space 17408K, 0% used [0x00000000e4900000,0x00000000e4900000,0x00000000e5a00000)
 ParOldGen       total 102400K, used 23343K [0x0000000082a00000, 0x0000000088e00000, 0x00000000d6380000)
  object space 102400K, 22% used [0x0000000082a00000,0x00000000840cbe08,0x0000000088e00000)
 Metaspace       used 46741K, capacity 49070K, committed 49408K, reserved 1091584K
  class space    used 6138K, capacity 6544K, committed 6656K, reserved 1048576K
}
Event: 14.365 GC heap before
{Heap before GC invocations=14 (full 2):
 PSYoungGen      total 196096K, used 172291K [0x00000000d6380000, 0x00000000e5a00000, 0x0000000100000000)
  eden space 181760K, 86% used [0x00000000d6380000,0x00000000dfdc6c58,0x00000000e1500000)
  from space 14336K, 99% used [0x00000000e1500000,0x00000000e22fa068,0x00000000e2300000)
  to   space 17408K, 0% used [0x00000000e4900000,0x00000000e4900000,0x00000000e5a00000)
 ParOldGen       total 102400K, used 23343K [0x0000000082a00000, 0x0000000088e00000, 0x00000000d6380000)
  object space 102400K, 22% used [0x0000000082a00000,0x00000000840cbe08,0x0000000088e00000)
 Metaspace       used 56414K, capacity 59052K, committed 59096K, reserved 1101824K
  class space    used 7193K, capacity 7679K, committed 7680K, reserved 1048576K
Event: 14.385 GC heap after
Heap after GC invocations=14 (full 2):
 PSYoungGen      total 229888K, used 17377K [0x00000000d6380000, 0x00000000e5f00000, 0x0000000100000000)
  eden space 212480K, 0% used [0x00000000d6380000,0x00000000d6380000,0x00000000e3300000)
  from space 17408K, 99% used [0x00000000e4900000,0x00000000e59f8738,0x00000000e5a00000)
  to   space 22528K, 0% used [0x00000000e3300000,0x00000000e3300000,0x00000000e4900000)
 ParOldGen       total 102400K, used 31937K [0x0000000082a00000, 0x0000000088e00000, 0x00000000d6380000)
  object space 102400K, 31% used [0x0000000082a00000,0x0000000084930618,0x0000000088e00000)
 Metaspace       used 56414K, capacity 59052K, committed 59096K, reserved 1101824K
  class space    used 7193K, capacity 7679K, committed 7680K, reserved 1048576K
}
Event: 14.385 GC heap before
{Heap before GC invocations=15 (full 3):
 PSYoungGen      total 229888K, used 17377K [0x00000000d6380000, 0x00000000e5f00000, 0x0000000100000000)
  eden space 212480K, 0% used [0x00000000d6380000,0x00000000d6380000,0x00000000e3300000)
  from space 17408K, 99% used [0x00000000e4900000,0x00000000e59f8738,0x00000000e5a00000)
  to   space 22528K, 0% used [0x00000000e3300000,0x00000000e3300000,0x00000000e4900000)
 ParOldGen       total 102400K, used 31937K [0x0000000082a00000, 0x0000000088e00000, 0x00000000d6380000)
  object space 102400K, 31% used [0x0000000082a00000,0x0000000084930618,0x0000000088e00000)
 Metaspace       used 56414K, capacity 59052K, committed 59096K, reserved 1101824K
  class space    used 7193K, capacity 7679K, committed 7680K, reserved 1048576K
Event: 14.537 GC heap after
Heap after GC invocations=15 (full 3):
 PSYoungGen      total 229888K, used 0K [0x00000000d6380000, 0x00000000e5f00000, 0x0000000100000000)
  eden space 212480K, 0% used [0x00000000d6380000,0x00000000d6380000,0x00000000e3300000)
  from space 17408K, 0% used [0x00000000e4900000,0x00000000e4900000,0x00000000e5a00000)
  to   space 22528K, 0% used [0x00000000e3300000,0x00000000e3300000,0x00000000e4900000)
 ParOldGen       total 156160K, used 40447K [0x0000000082a00000, 0x000000008c280000, 0x00000000d6380000)
  object space 156160K, 25% used [0x0000000082a00000,0x000000008517ff40,0x000000008c280000)
 Metaspace       used 56412K, capacity 59046K, committed 59096K, reserved 1101824K
  class space    used 7193K, capacity 7678K, committed 7680K, reserved 1048576K
}

